[0617/115359.859:ERROR:process_reader_win.cc(123)] NtOpenThread: {Access Denied} A process has requested access to an object, but has not been granted those access rights. (0xc0000022)
[0617/115359.854:ERROR:process_reader_win.cc(123)] NtOpenThread: {Access Denied} A process has requested access to an object, but has not been granted those access rights. (0xc0000022)
[0617/115359.864:ERROR:process_reader_win.cc(123)] NtOpenThread: {Access Denied} A process has requested access to an object, but has not been granted those access rights. (0xc0000022)
[0617/115359.859:ERROR:process_reader_win.cc(123)] NtOpenThread: {Access Denied} A process has requested access to an object, but has not been granted those access rights. (0xc0000022)
[0617/115359.874:ERROR:exception_snapshot_win.cc(98)] thread ID 4504 not found in process
[0617/115359.874:ERROR:exception_snapshot_win.cc(98)] thread ID 5616 not found in process
[0617/115359.874:ERROR:exception_snapshot_win.cc(98)] thread ID 18376 not found in process
[0617/115359.874:ERROR:exception_snapshot_win.cc(98)] thread ID 16480 not found in process
[0617/115359.874:ERROR:scoped_process_suspend.cc(31)] NtSuspendProcess: An attempt was made to access an exiting process. (0xc000010a)
[0617/115359.874:ERROR:process_info.cc(118)] ReadProcessMemory bool __cdecl crashpad::(anonymous namespace)::ReadStruct(HANDLE, crashpad::WinVMAddress, T *) [T = crashpad::process_types::PEB<crashpad::process_types::internal::Traits64>]: Only part of a ReadProcessMemory or WriteProcessMemory request was completed. (0x12B)
[0617/115359.874:ERROR:process_info.cc(551)] ReadProcessData failed
[0617/115359.898:ERROR:process_reader_win.cc(123)] NtOpenThread: {Access Denied} A process has requested access to an object, but has not been granted those access rights. (0xc0000022)
[0617/115359.898:ERROR:exception_snapshot_win.cc(98)] thread ID 16068 not found in process
[0617/115359.903:ERROR:process_reader_win.cc(123)] NtOpenThread: {Access Denied} A process has requested access to an object, but has not been granted those access rights. (0xc0000022)
[0617/115359.903:ERROR:exception_snapshot_win.cc(98)] thread ID 9188 not found in process
[0617/115359.903:ERROR:process_reader_win.cc(123)] NtOpenThread: {Access Denied} A process has requested access to an object, but has not been granted those access rights. (0xc0000022)
[0617/115359.903:ERROR:exception_snapshot_win.cc(98)] thread ID 18420 not found in process
[0617/115359.908:ERROR:process_reader_win.cc(123)] NtOpenThread: {Access Denied} A process has requested access to an object, but has not been granted those access rights. (0xc0000022)
[0617/115359.908:ERROR:exception_snapshot_win.cc(98)] thread ID 11364 not found in process
[0617/115359.918:ERROR:process_reader_win.cc(123)] NtOpenThread: {Access Denied} A process has requested access to an object, but has not been granted those access rights. (0xc0000022)
[0617/115359.918:ERROR:exception_snapshot_win.cc(98)] thread ID 12764 not found in process
[0617/115359.924:ERROR:process_reader_win.cc(123)] NtOpenThread: {Access Denied} A process has requested access to an object, but has not been granted those access rights. (0xc0000022)
[0617/115359.924:ERROR:exception_snapshot_win.cc(98)] thread ID 20952 not found in process
[0617/115359.944:ERROR:process_reader_win.cc(123)] NtOpenThread: {Access Denied} A process has requested access to an object, but has not been granted those access rights. (0xc0000022)
[0617/115359.944:ERROR:exception_snapshot_win.cc(98)] thread ID 15348 not found in process
[0617/115359.963:ERROR:process_reader_win.cc(123)] NtOpenThread: {Access Denied} A process has requested access to an object, but has not been granted those access rights. (0xc0000022)
[0617/115359.963:ERROR:exception_snapshot_win.cc(98)] thread ID 11676 not found in process
